<?xml version="1.0" encoding="UTF-8"?>
<testsuite name="org.raghul.auth_engine.service.unitTest.AuditLogServiceTest" tests="2" skipped="0" failures="0" errors="0" timestamp="2026-08-26T06:08:36.043Z" hostname="Raghul" time="13.051">
  <properties/>
  <testcase name="log_whenAuditRequestIsProvided_mapsAllFieldsAndSavesAuditLog()" classname="org.raghul.auth_engine.service.unitTest.AuditLogServiceTest" time="13.044"/>
  <testcase name="logDenied_whenAuditRequestIsProvided_mapsAllFieldsAndSavesAuditLog()" classname="org.raghul.auth_engine.service.unitTest.AuditLogServiceTest" time="0.006"/>
  <system-out><![CDATA[--------------- is it saving -----------
--------------- is it saving -----------
]]></system-out>
  <system-err><![CDATA[WARNING: A Java agent has been loaded dynamically (/home/raghul/.gradle/caches/modules-2/files-2.1/net.bytebuddy/byte-buddy-agent/1.14.19/154da3a65b4f4a909d3e5bdec55d1b2b4cbb6ce1/byte-buddy-agent-1.14.19.jar)
WARNING: If a serviceability tool is in use, please run with -XX:+EnableDynamicAgentLoading to hide this warning
WARNING: If a serviceability tool is not in use, please run with -Djdk.instrument.traceUsage for more information
WARNING: Dynamic loading of agents will be disallowed by default in a future release
]]></system-err>
</testsuite>
