<?xml version="1.0" encoding="UTF-8"?>
<testsuite name="org.raghul.auth_engine.service.unitTest.CurrentUserServiceTest" tests="4" skipped="0" failures="0" errors="0" timestamp="2026-08-26T06:08:49.101Z" hostname="Raghul" time="0.286">
  <properties/>
  <testcase name="getCurrentActor_whenAuthenticatedUserDoesNotExist_throwsResourceNotFoundException()" classname="org.raghul.auth_engine.service.unitTest.CurrentUserServiceTest" time="0.253"/>
  <testcase name="getCurrentActor_whenAuthenticatedUserExists_returnsUserIdAndTenantId()" classname="org.raghul.auth_engine.service.unitTest.CurrentUserServiceTest" time="0.021"/>
  <testcase name="getCurrentActor_whenAuthenticationIsNotAuthenticated_throwsResourceNotFoundException()" classname="org.raghul.auth_engine.service.unitTest.CurrentUserServiceTest" time="0.003"/>
  <testcase name="getCurrentActor_whenAuthenticationIsMissing_throwsResourceNotFoundException()" classname="org.raghul.auth_engine.service.unitTest.CurrentUserServiceTest" time="0.006"/>
  <system-out><![CDATA[]]></system-out>
  <system-err><![CDATA[]]></system-err>
</testsuite>
