<?xml version="1.0" encoding="UTF-8"?>
<testsuite name="org.raghul.auth_engine.service.UserRoleServiceTest" tests="13" skipped="0" failures="0" errors="0" timestamp="2026-08-24T11:24:41.308Z" hostname="RAGHUL" time="2.066">
  <properties/>
  <testcase name="assignRoleToUser_whenTenantRoleHasNoAssignmentTenant_throwsDoesNotSave()" classname="org.raghul.auth_engine.service.UserRoleServiceTest" time="1.866"/>
  <testcase name="addRoleToExistingUser_whenUserDoesNotExist_throwsAndDoesNotContinue()" classname="org.raghul.auth_engine.service.UserRoleServiceTest" time="0.029"/>
  <testcase name="assignRoleToUser_whenRoleTenantDiffersFromAssignmentTenant_throwsDoesNotSave()" classname="org.raghul.auth_engine.service.UserRoleServiceTest" time="0.008"/>
  <testcase name="assignRoleToUser_whenAssignmentAlreadyExists_throwsDoesNotSaveOrCreateAllowAudit()" classname="org.raghul.auth_engine.service.UserRoleServiceTest" time="0.013"/>
  <testcase name="assignRoleToUser_whenPlatformRoleHasAssignmentTenant_throwsDoesNotSave()" classname="org.raghul.auth_engine.service.UserRoleServiceTest" time="0.014"/>
  <testcase name="addRoleToExistingUser_whenActorCannotAccessTargetTenant_logsDenyAndThrows()" classname="org.raghul.auth_engine.service.UserRoleServiceTest" time="0.028"/>
  <testcase name="assignRoleToUser_whenUserTenantDiffersFromAssignmentTenant_throwsDoesNotSave()" classname="org.raghul.auth_engine.service.UserRoleServiceTest" time="0.005"/>
  <testcase name="addRoleToExistingUser_whenRoleDoesNotExist_throwsAndDoesNotSaveOrCreateAllowAudit()" classname="org.raghul.auth_engine.service.UserRoleServiceTest" time="0.007"/>
  <testcase name="assignRoleToUser_whenTenantUserReceivesPlatformRole_throwsDoesNotSave()" classname="org.raghul.auth_engine.service.UserRoleServiceTest" time="0.007"/>
  <testcase name="assignRoleToUser_whenUserRoleIsAlreadyPresent()" classname="org.raghul.auth_engine.service.UserRoleServiceTest" time="0.006"/>
  <testcase name="assignRoleToUser_whenUserAndRoleBelongToSameTenant_saveAssignment()" classname="org.raghul.auth_engine.service.UserRoleServiceTest" time="0.021"/>
  <testcase name="assignRoleToUser_whenPlatformUserReceivesPlatformRole_savesAndCreatesAllowAudit()" classname="org.raghul.auth_engine.service.UserRoleServiceTest" time="0.017"/>
  <testcase name="assignRoleToUser_whenPlatformUserReceivesTenantRole_throwsDoesNotSave()" classname="org.raghul.auth_engine.service.UserRoleServiceTest" time="0.01"/>
  <system-out><![CDATA[]]></system-out>
  <system-err><![CDATA[WARNING: A Java agent has been loaded dynamically (C:\Users\raghu\.gradle\caches\modules-2\files-2.1\net.bytebuddy\byte-buddy-agent\1.14.19\154da3a65b4f4a909d3e5bdec55d1b2b4cbb6ce1\byte-buddy-agent-1.14.19.jar)
WARNING: If a serviceability tool is in use, please run with -XX:+EnableDynamicAgentLoading to hide this warning
WARNING: If a serviceability tool is not in use, please run with -Djdk.instrument.traceUsage for more information
WARNING: Dynamic loading of agents will be disallowed by default in a future release
]]></system-err>
</testsuite>
