<?xml version="1.0" encoding="UTF-8"?>
<testsuite name="org.raghul.auth_engine.service.unitTest.UserRoleServiceTest" tests="13" skipped="0" failures="0" errors="0" timestamp="2026-08-26T06:08:50.252Z" hostname="Raghul" time="1.238">
  <properties/>
  <testcase name="assignRoleToUser_whenTenantRoleHasNoAssignmentTenant_throwsDoesNotSave()" classname="org.raghul.auth_engine.service.unitTest.UserRoleServiceTest" time="1.164"/>
  <testcase name="addRoleToExistingUser_whenUserDoesNotExist_throwsAndDoesNotContinue()" classname="org.raghul.auth_engine.service.unitTest.UserRoleServiceTest" time="0.012"/>
  <testcase name="assignRoleToUser_whenRoleTenantDiffersFromAssignmentTenant_throwsDoesNotSave()" classname="org.raghul.auth_engine.service.unitTest.UserRoleServiceTest" time="0.003"/>
  <testcase name="assignRoleToUser_whenAssignmentAlreadyExists_throwsDoesNotSaveOrCreateAllowAudit()" classname="org.raghul.auth_engine.service.unitTest.UserRoleServiceTest" time="0.006"/>
  <testcase name="assignRoleToUser_whenPlatformRoleHasAssignmentTenant_throwsDoesNotSave()" classname="org.raghul.auth_engine.service.unitTest.UserRoleServiceTest" time="0.003"/>
  <testcase name="addRoleToExistingUser_whenActorCannotAccessTargetTenant_logsDenyAndThrows()" classname="org.raghul.auth_engine.service.unitTest.UserRoleServiceTest" time="0.005"/>
  <testcase name="assignRoleToUser_whenUserTenantDiffersFromAssignmentTenant_throwsDoesNotSave()" classname="org.raghul.auth_engine.service.unitTest.UserRoleServiceTest" time="0.005"/>
  <testcase name="addRoleToExistingUser_whenRoleDoesNotExist_throwsAndDoesNotSaveOrCreateAllowAudit()" classname="org.raghul.auth_engine.service.unitTest.UserRoleServiceTest" time="0.006"/>
  <testcase name="assignRoleToUser_whenTenantUserReceivesPlatformRole_throwsDoesNotSave()" classname="org.raghul.auth_engine.service.unitTest.UserRoleServiceTest" time="0.002"/>
  <testcase name="assignRoleToUser_whenUserRoleIsAlreadyPresent()" classname="org.raghul.auth_engine.service.unitTest.UserRoleServiceTest" time="0.005"/>
  <testcase name="assignRoleToUser_whenUserAndRoleBelongToSameTenant_saveAssignment()" classname="org.raghul.auth_engine.service.unitTest.UserRoleServiceTest" time="0.004"/>
  <testcase name="assignRoleToUser_whenPlatformUserReceivesPlatformRole_savesAndCreatesAllowAudit()" classname="org.raghul.auth_engine.service.unitTest.UserRoleServiceTest" time="0.007"/>
  <testcase name="assignRoleToUser_whenPlatformUserReceivesTenantRole_throwsDoesNotSave()" classname="org.raghul.auth_engine.service.unitTest.UserRoleServiceTest" time="0.003"/>
  <system-out><![CDATA[]]></system-out>
  <system-err><![CDATA[]]></system-err>
</testsuite>
